"../../../Engine/Content/EngineMaterials/T_Default_Material_Grid_N.uasset" 0
"../../../Engine/Content/EngineMaterials/T_Default_Material_Grid_N.uexp" 1
"../../../Engine/Content/EngineMaterials/T_Default_Material_Grid_N.ubulk" 2
"../../../Engine/Content/EngineMaterials/T_Default_Material_Grid_M.uasset" 3
"../../../Engine/Content/EngineMaterials/T_Default_Material_Grid_M.uexp" 4
"../../../Engine/Content/EngineMaterials/T_Default_Material_Grid_M.ubulk" 5
"../../../Engine/Content/Functions/Engine_MaterialFunctions01/Opacity/CameraDepthFade.uasset" 6
"../../../Engine/Content/Functions/Engine_MaterialFunctions01/Opacity/CameraDepthFade.uexp" 7
"../../../Engine/Content/EngineMaterials/WorldGridMaterial.uasset" 8
"../../../Engine/Content/EngineMaterials/WorldGridMaterial.uexp" 9
"../../../Engine/Content/ArtTools/RenderToTexture/Meshes/S_1_Unit_Plane.uasset" 10
"../../../Engine/Content/ArtTools/RenderToTexture/Meshes/S_1_Unit_Plane.uexp" 11
"../../../Engine/Content/EngineMaterials/DefaultMaterial.uasset" 12
"../../../Engine/Content/EngineMaterials/DefaultMaterial.uexp" 13
"../../../Engine/Content/BasicShapes/Cone.uasset" 14
"../../../Engine/Content/BasicShapes/Cone.uexp" 15
"../../../Engine/Content/BasicShapes/Sphere.uasset" 16
"../../../Engine/Content/BasicShapes/Sphere.uexp" 17
"../../../Engine/Content/EditorLandscapeResources/DataLayer.uasset" 18
"../../../Engine/Content/EditorLandscapeResources/DataLayer.uexp" 19
"../../../Engine/Content/EditorLandscapeResources/DefaultAlphaTexture.uasset" 20
"../../../Engine/Content/EditorLandscapeResources/DefaultAlphaTexture.uexp" 21
"../../../Engine/Content/EditorMaterials/MAT_Groups_Toggle.uasset" 22
"../../../Engine/Content/EditorMaterials/MAT_Groups_Toggle.uexp" 23
"../../../Engine/Content/EditorMaterials/MAT_Groups_Visibility.uasset" 24
"../../../Engine/Content/EditorMaterials/MAT_Groups_Visibility.uexp" 25
"../../../Engine/Content/EditorMaterials/PreviewShadowIndicator.uasset" 26
"../../../Engine/Content/EditorMaterials/PreviewShadowIndicator.uexp" 27
"../../../Engine/Content/EditorMaterials/PreviewShadowIndicator.ubulk" 28
"../../../Engine/Content/EditorMaterials/PreviewShadowIndicatorMaterial.uasset" 29
"../../../Engine/Content/EditorMaterials/PreviewShadowIndicatorMaterial.uexp" 30
"../../../Engine/Content/EditorMaterials/MatineeGroups/MAT_ColorTrack.uasset" 31
"../../../Engine/Content/EditorMaterials/MatineeGroups/MAT_ColorTrack.uexp" 32
"../../../Engine/Content/EditorMaterials/MatineeGroups/MAT_Groups_Anim.uasset" 33
"../../../Engine/Content/EditorMaterials/MatineeGroups/MAT_Groups_Anim.uexp" 34
"../../../Engine/Content/EditorMaterials/MatineeGroups/MAT_Groups_AudioMaster.uasset" 35
"../../../Engine/Content/EditorMaterials/MatineeGroups/MAT_Groups_AudioMaster.uexp" 36
"../../../Engine/Content/EditorMaterials/MatineeGroups/MAT_Groups_Director.uasset" 37
"../../../Engine/Content/EditorMaterials/MatineeGroups/MAT_Groups_Director.uexp" 38
"../../../Engine/Content/EditorMaterials/MatineeGroups/MAT_Groups_Event.uasset" 39
"../../../Engine/Content/EditorMaterials/MatineeGroups/MAT_Groups_Event.uexp" 40
"../../../Engine/Content/EditorMaterials/MatineeGroups/MAT_Groups_Fade.uasset" 41
"../../../Engine/Content/EditorMaterials/MatineeGroups/MAT_Groups_Fade.uexp" 42
"../../../Engine/Content/EditorMaterials/MatineeGroups/MAT_Groups_Float.uasset" 43
"../../../Engine/Content/EditorMaterials/MatineeGroups/MAT_Groups_Float.uexp" 44
"../../../Engine/Content/EditorMaterials/MatineeGroups/MAT_Groups_Move.uasset" 45
"../../../Engine/Content/EditorMaterials/MatineeGroups/MAT_Groups_Move.uexp" 46
"../../../Engine/Content/EditorMaterials/MatineeGroups/MAT_Groups_Slomo.uasset" 47
"../../../Engine/Content/EditorMaterials/MatineeGroups/MAT_Groups_Slomo.uexp" 48
"../../../Engine/Content/EditorMaterials/MatineeGroups/MAT_Groups_Sound.uasset" 49
"../../../Engine/Content/EditorMaterials/MatineeGroups/MAT_Groups_Sound.uexp" 50
"../../../Engine/Content/EditorMaterials/MatineeGroups/MAT_Groups_Vector.uasset" 51
"../../../Engine/Content/EditorMaterials/MatineeGroups/MAT_Groups_Vector.uexp" 52
"../../../Engine/Content/EditorMaterials/ParticleSystems/PSysThumbnail_NoImage.uasset" 53
"../../../Engine/Content/EditorMaterials/ParticleSystems/PSysThumbnail_NoImage.uexp" 54
"../../../Engine/Content/EditorMaterials/ParticleSystems/PSysThumbnail_NoImage.ubulk" 55
"../../../Engine/Content/EditorMaterials/ParticleSystems/PSysThumbnail_OOD.uasset" 56
"../../../Engine/Content/EditorMaterials/ParticleSystems/PSysThumbnail_OOD.uexp" 57
"../../../Engine/Content/EditorMaterials/ParticleSystems/PSysThumbnail_OOD.ubulk" 58
"../../../Engine/Content/EditorMaterials/Camera/CineMat.uasset" 59
"../../../Engine/Content/EditorMaterials/Camera/CineMat.uexp" 60
"../../../Engine/Content/EditorMaterials/Camera/MI_CineMat_Rig.uasset" 61
"../../../Engine/Content/EditorMaterials/Camera/MI_CineMat_Rig.uexp" 62
"../../../Engine/Content/EditorMeshes/Camera/SM_CraneRig_Arm.uasset" 63
"../../../Engine/Content/EditorMeshes/Camera/SM_CraneRig_Arm.uexp" 64
"../../../Engine/Content/EditorMeshes/Camera/SM_CraneRig_Base.uasset" 65
"../../../Engine/Content/EditorMeshes/Camera/SM_CraneRig_Base.uexp" 66
"../../../Engine/Content/EditorMeshes/Camera/SM_CraneRig_Body.uasset" 67
"../../../Engine/Content/EditorMeshes/Camera/SM_CraneRig_Body.uexp" 68
"../../../Engine/Content/EditorMeshes/Camera/SM_CraneRig_Mount.uasset" 69
"../../../Engine/Content/EditorMeshes/Camera/SM_CraneRig_Mount.uexp" 70
"../../../Engine/Content/EditorMeshes/Camera/SM_RailRig_Mount.uasset" 71
"../../../Engine/Content/EditorMeshes/Camera/SM_RailRig_Mount.uexp" 72
"../../../Engine/Content/EditorMeshes/Camera/SM_RailRig_Track.uasset" 73
"../../../Engine/Content/EditorMeshes/Camera/SM_RailRig_Track.uexp" 74
"../../../Engine/Content/EditorResources/BSPVertex.uasset" 75
"../../../Engine/Content/EditorResources/BSPVertex.uexp" 76
"../../../Engine/Content/EditorResources/EmptyActor.uasset" 77
"../../../Engine/Content/EditorResources/EmptyActor.uexp" 78
"../../../Engine/Content/EditorResources/S_Actor.uasset" 79
"../../../Engine/Content/EditorResources/S_Actor.uexp" 80
"../../../Engine/Content/EditorResources/S_Actor.ubulk" 81
"../../../Engine/Content/EditorResources/S_Note.uasset" 82
"../../../Engine/Content/EditorResources/S_Note.uexp" 83
"../../../Engine/Content/EditorResources/S_Note.ubulk" 84
"../../../Engine/Content/EditorResources/S_Solver.uasset" 85
"../../../Engine/Content/EditorResources/S_Solver.uexp" 86
"../../../Engine/Content/EditorResources/S_Solver.ubulk" 87
"../../../Engine/Content/EditorResources/S_Terrain.uasset" 88
"../../../Engine/Content/EditorResources/S_Terrain.uexp" 89
"../../../Engine/Content/EditorResources/S_Terrain.ubulk" 90
"../../../Engine/Content/EditorResources/S_Trigger.uasset" 91
"../../../Engine/Content/EditorResources/S_Trigger.uexp" 92
"../../../Engine/Content/EditorResources/S_Trigger.ubulk" 93
"../../../Engine/Content/EditorResources/LightIcons/S_LightError.uasset" 94
"../../../Engine/Content/EditorResources/LightIcons/S_LightError.uexp" 95
"../../../Engine/Content/EditorResources/SequenceRecorder/Countdown.uasset" 96
"../../../Engine/Content/EditorResources/SequenceRecorder/Countdown.uexp" 97
"../../../Engine/Content/EditorResources/SequenceRecorder/RecordingIndicator.uasset" 98
"../../../Engine/Content/EditorResources/SequenceRecorder/RecordingIndicator.uexp" 99
"../../../Engine/Content/EngineDamageTypes/DmgTypeBP_Environmental.uasset" 100
"../../../Engine/Content/EngineDamageTypes/DmgTypeBP_Environmental.uexp" 101
"../../../Engine/Content/EngineDebugMaterials/DebugEditorMaterial.uasset" 102
"../../../Engine/Content/EngineDebugMaterials/DebugEditorMaterial.uexp" 103
"../../../Engine/Content/EngineDebugMaterials/DebugMeshMaterial.uasset" 104
"../../../Engine/Content/EngineDebugMaterials/DebugMeshMaterial.uexp" 105
"../../../Engine/Content/EngineDebugMaterials/M_SimpleUnlitTranslucent.uasset" 106
"../../../Engine/Content/EngineDebugMaterials/M_SimpleUnlitTranslucent.uexp" 107
"../../../Engine/Content/EngineDebugMaterials/VolumeToRender.uasset" 108
"../../../Engine/Content/EngineDebugMaterials/VolumeToRender.uexp" 109
"../../../Engine/Content/Functions/Engine_MaterialFunctions02/Utility/CameraDirectionVector.uasset" 110
"../../../Engine/Content/Functions/Engine_MaterialFunctions02/Utility/CameraDirectionVector.uexp" 111
"../../../Engine/Content/EngineDebugMaterials/M_VolumeRenderSphereTracePP.uasset" 112
"../../../Engine/Content/EngineDebugMaterials/M_VolumeRenderSphereTracePP.uexp" 113
"../../../Engine/Content/Functions/Engine_MaterialFunctions01/Shading/ConvertFromDiffSpec.uasset" 114
"../../../Engine/Content/Functions/Engine_MaterialFunctions01/Shading/ConvertFromDiffSpec.uexp" 115
"../../../Engine/Content/EngineDebugMaterials/VertexColorMaterial.uasset" 116
"../../../Engine/Content/EngineDebugMaterials/VertexColorMaterial.uexp" 117
"../../../Engine/Content/EngineDebugMaterials/WireframeMaterial.uasset" 118
"../../../Engine/Content/EngineDebugMaterials/WireframeMaterial.uexp" 119
"../../../Engine/Content/EngineFonts/Faces/RobotoRegular.uasset" 120
"../../../Engine/Content/EngineFonts/Faces/RobotoRegular.uexp" 121
"../../../Engine/Content/EngineFonts/Faces/RobotoRegular.ufont" 122
"../../../Engine/Content/EngineFonts/Faces/RobotoLight.uasset" 123
"../../../Engine/Content/EngineFonts/Faces/RobotoLight.uexp" 124
"../../../Engine/Content/EngineFonts/Faces/RobotoLight.ufont" 125
"../../../Engine/Content/EngineFonts/Faces/RobotoItalic.uasset" 126
"../../../Engine/Content/EngineFonts/Faces/RobotoItalic.uexp" 127
"../../../Engine/Content/EngineFonts/Faces/RobotoItalic.ufont" 128
"../../../Engine/Content/EngineFonts/Faces/RobotoBoldItalic.uasset" 129
"../../../Engine/Content/EngineFonts/Faces/RobotoBoldItalic.uexp" 130
"../../../Engine/Content/EngineFonts/Faces/RobotoBoldItalic.ufont" 131
"../../../Engine/Content/EngineFonts/Faces/RobotoBold.uasset" 132
"../../../Engine/Content/EngineFonts/Faces/RobotoBold.uexp" 133
"../../../Engine/Content/EngineFonts/Faces/RobotoBold.ufont" 134
"../../../Engine/Content/EngineFonts/Faces/DroidSansFallback.uasset" 135
"../../../Engine/Content/EngineFonts/Faces/DroidSansFallback.uexp" 136
"../../../Engine/Content/EngineFonts/Faces/DroidSansFallback.ufont" 137
"../../../Engine/Content/EngineFonts/Roboto.uasset" 138
"../../../Engine/Content/EngineFonts/Roboto.uexp" 139
"../../../Engine/Content/EngineMaterials/BaseFlattenNormalMap.uasset" 140
"../../../Engine/Content/EngineMaterials/BaseFlattenNormalMap.uexp" 141
"../../../Engine/Content/EngineMaterials/BaseFlattenGrayscaleMap.uasset" 142
"../../../Engine/Content/EngineMaterials/BaseFlattenGrayscaleMap.uexp" 143
"../../../Engine/Content/EngineMaterials/BaseFlattenEmissiveMap.uasset" 144
"../../../Engine/Content/EngineMaterials/BaseFlattenEmissiveMap.uexp" 145
"../../../Engine/Content/EngineMaterials/BaseFlattenDiffuseMap.uasset" 146
"../../../Engine/Content/EngineMaterials/BaseFlattenDiffuseMap.uexp" 147
"../../../Engine/Content/EngineMaterials/BaseFlattenMaterial.uasset" 148
"../../../Engine/Content/EngineMaterials/BaseFlattenMaterial.uexp" 149
"../../../Engine/Content/EngineMaterials/BlueNoise.uasset" 150
"../../../Engine/Content/EngineMaterials/BlueNoise.uexp" 151
"../../../Engine/Content/EngineMaterials/DefaultBloomKernel.uasset" 152
"../../../Engine/Content/EngineMaterials/DefaultBloomKernel.uexp" 153
"../../../Engine/Content/EngineMaterials/DefaultBokeh.uasset" 154
"../../../Engine/Content/EngineMaterials/DefaultBokeh.uexp" 155
"../../../Engine/Content/EngineMaterials/DefaultDiffuse.uasset" 156
"../../../Engine/Content/EngineMaterials/DefaultDiffuse.uexp" 157
"../../../Engine/Content/EngineMaterials/DefaultDiffuse.ubulk" 158
"../../../Engine/Content/EngineMaterials/DefaultDeferredDecalMaterial.uasset" 159
"../../../Engine/Content/EngineMaterials/DefaultDeferredDecalMaterial.uexp" 160
"../../../Engine/Content/EngineMaterials/DefaultLightFunctionMaterial.uasset" 161
"../../../Engine/Content/EngineMaterials/DefaultLightFunctionMaterial.uexp" 162
"../../../Engine/Content/EngineMaterials/DefaultPhysicalMaterial.uasset" 163
"../../../Engine/Content/EngineMaterials/DefaultPhysicalMaterial.uexp" 164
"../../../Engine/Content/Functions/Engine_MaterialFunctions02/Utility/BreakOutFloat2Components.uasset" 165
"../../../Engine/Content/Functions/Engine_MaterialFunctions02/Utility/BreakOutFloat2Components.uexp" 166
"../../../Engine/Content/EngineMaterials/DefaultPostProcessMaterial.uasset" 167
"../../../Engine/Content/EngineMaterials/DefaultPostProcessMaterial.uexp" 168
"../../../Engine/Content/EngineFonts/RobotoDistanceField.uasset" 169
"../../../Engine/Content/EngineFonts/RobotoDistanceField.uexp" 170
"../../../Engine/Content/EngineMaterials/DefaultTextMaterialOpaque.uasset" 171
"../../../Engine/Content/EngineMaterials/DefaultTextMaterialOpaque.uexp" 172
"../../../Engine/Content/EngineMaterials/DefaultWhiteGrid.uasset" 173
"../../../Engine/Content/EngineMaterials/DefaultWhiteGrid.uexp" 174
"../../../Engine/Content/EngineMaterials/DefaultWhiteGrid.ubulk" 175
"../../../Engine/Content/EngineMaterials/DefaultWhiteGrid_Low.uasset" 176
"../../../Engine/Content/EngineMaterials/DefaultWhiteGrid_Low.uexp" 177
"../../../Engine/Content/EngineMaterials/EmissiveMeshMaterial.uasset" 178
"../../../Engine/Content/EngineMaterials/EmissiveMeshMaterial.uexp" 179
"../../../Engine/Content/EngineMaterials/GizmoMaterial.uasset" 180
"../../../Engine/Content/EngineMaterials/GizmoMaterial.uexp" 181
"../../../Engine/Content/EngineMaterials/Good64x64TilingNoiseHighFreq.uasset" 182
"../../../Engine/Content/EngineMaterials/Good64x64TilingNoiseHighFreq.uexp" 183
"../../../Engine/Content/EngineMaterials/MiniFont.uasset" 184
"../../../Engine/Content/EngineMaterials/MiniFont.uexp" 185
"../../../Engine/Content/EngineMaterials/InvalidLightmapSettings.uasset" 186
"../../../Engine/Content/EngineMaterials/InvalidLightmapSettings.uexp" 187
"../../../Engine/Content/EngineMaterials/InvalidLightmapSettings.ubulk" 188
"../../../Engine/Content/EngineMaterials/M_InvalidLightmapSettings.uasset" 189
"../../../Engine/Content/EngineMaterials/M_InvalidLightmapSettings.uexp" 190
"../../../Engine/Content/Functions/Engine_MaterialFunctions02/WorldPositionOffset/CameraOffset.uasset" 191
"../../../Engine/Content/Functions/Engine_MaterialFunctions02/WorldPositionOffset/CameraOffset.uexp" 192
"../../../Engine/Content/EngineMaterials/PhAT_JointLimitMaterial.uasset" 193
"../../../Engine/Content/EngineMaterials/PhAT_JointLimitMaterial.uexp" 194
"../../../Engine/Content/EngineMaterials/DefaultCalibrationColor.uasset" 195
"../../../Engine/Content/EngineMaterials/DefaultCalibrationColor.uexp" 196
"../../../Engine/Content/EngineMaterials/PPM_DefaultCalibrationColor.uasset" 197
"../../../Engine/Content/EngineMaterials/PPM_DefaultCalibrationColor.uexp" 198
"../../../Engine/Content/EngineMaterials/DefaultCalibrationGrayscale.uasset" 199
"../../../Engine/Content/EngineMaterials/DefaultCalibrationGrayscale.uexp" 200
"../../../Engine/Content/EngineMaterials/PPM_DefaultCalibrationGrayscale.uasset" 201
"../../../Engine/Content/EngineMaterials/PPM_DefaultCalibrationGrayscale.uexp" 202
"../../../Engine/Content/EngineMaterials/PreintegratedSkinBRDF.uasset" 203
"../../../Engine/Content/EngineMaterials/PreintegratedSkinBRDF.uexp" 204
"../../../Engine/Content/EngineMaterials/RemoveSurfaceMaterial.uasset" 205
"../../../Engine/Content/EngineMaterials/RemoveSurfaceMaterial.uexp" 206
"../../../Engine/Content/EngineMaterials/WeightMapPlaceholderTexture.uasset" 207
"../../../Engine/Content/EngineMaterials/WeightMapPlaceholderTexture.uexp" 208
"../../../Engine/Content/EngineResources/WhiteSquareTexture.uasset" 209
"../../../Engine/Content/EngineResources/WhiteSquareTexture.uexp" 210
"../../../Engine/Content/EngineMaterials/Widget3DPassThrough.uasset" 211
"../../../Engine/Content/EngineMaterials/Widget3DPassThrough.uexp" 212
"../../../Engine/Content/EngineMaterials/Widget3DPassThrough_Masked.uasset" 213
"../../../Engine/Content/EngineMaterials/Widget3DPassThrough_Masked.uexp" 214
"../../../Engine/Content/EngineMaterials/Widget3DPassThrough_Opaque.uasset" 215
"../../../Engine/Content/EngineMaterials/Widget3DPassThrough_Opaque.uexp" 216
"../../../Engine/Content/EngineMaterials/Widget3DPassThrough_Masked_OneSided.uasset" 217
"../../../Engine/Content/EngineMaterials/Widget3DPassThrough_Masked_OneSided.uexp" 218
"../../../Engine/Content/EngineMaterials/Widget3DPassThrough_Opaque_OneSided.uasset" 219
"../../../Engine/Content/EngineMaterials/Widget3DPassThrough_Opaque_OneSided.uexp" 220
"../../../Engine/Content/EngineMaterials/Widget3DPassThrough_Translucent.uasset" 221
"../../../Engine/Content/EngineMaterials/Widget3DPassThrough_Translucent.uexp" 222
"../../../Engine/Content/EngineMaterials/Widget3DPassThrough_Translucent_OneSided.uasset" 223
"../../../Engine/Content/EngineMaterials/Widget3DPassThrough_Translucent_OneSided.uexp" 224
"../../../Engine/Content/EngineMeshes/Cylinder.uasset" 225
"../../../Engine/Content/EngineMeshes/Cylinder.uexp" 226
"../../../Engine/Content/EngineMeshes/Sphere.uasset" 227
"../../../Engine/Content/EngineMeshes/Sphere.uexp" 228
"../../../Engine/Content/EngineResources/DefaultTextureCube.uasset" 229
"../../../Engine/Content/EngineResources/DefaultTextureCube.uexp" 230
"../../../Engine/Content/EngineResources/DefaultVolumeTexture2D.uasset" 231
"../../../Engine/Content/EngineResources/DefaultVolumeTexture2D.uexp" 232
"../../../Engine/Content/EngineResources/DefaultVolumeTexture.uasset" 233
"../../../Engine/Content/EngineResources/DefaultVolumeTexture.uexp" 234
"../../../Engine/Content/EngineResources/GradientTexture0.uasset" 235
"../../../Engine/Content/EngineResources/GradientTexture0.uexp" 236
"../../../Engine/Content/EngineSky/VolumetricClouds/T_NoiseShape64.uasset" 237
"../../../Engine/Content/EngineSky/VolumetricClouds/T_NoiseShape64.uexp" 238
"../../../Engine/Content/EngineSky/VolumetricClouds/T_NoiseShape64.ubulk" 239
"../../../Engine/Content/EngineSky/VolumetricClouds/T_VolumeNoiseShape64.uasset" 240
"../../../Engine/Content/EngineSky/VolumetricClouds/T_VolumeNoiseShape64.uexp" 241
"../../../Engine/Content/EngineSky/VolumetricClouds/T_NoiseErosion.uasset" 242
"../../../Engine/Content/EngineSky/VolumetricClouds/T_NoiseErosion.uexp" 243
"../../../Engine/Content/EngineSky/VolumetricClouds/T_NoiseErosion.ubulk" 244
"../../../Engine/Content/EngineSky/VolumetricClouds/T_VolumeNoiseErosion32.uasset" 245
"../../../Engine/Content/EngineSky/VolumetricClouds/T_VolumeNoiseErosion32.uexp" 246
"../../../Engine/Content/EngineSky/VolumetricClouds/CloudWeatherTexture.uasset" 247
"../../../Engine/Content/EngineSky/VolumetricClouds/CloudWeatherTexture.uexp" 248
"../../../Engine/Content/EngineSky/VolumetricClouds/CloudGradientTexture.uasset" 249
"../../../Engine/Content/EngineSky/VolumetricClouds/CloudGradientTexture.uexp" 250
"../../../Engine/Content/Functions/Engine_MaterialFunctions02/Utility/MakeFloat2.uasset" 251
"../../../Engine/Content/Functions/Engine_MaterialFunctions02/Utility/MakeFloat2.uexp" 252
"../../../Engine/Content/EngineSky/VolumetricClouds/m_SimpleVolumetricCloud.uasset" 253
"../../../Engine/Content/EngineSky/VolumetricClouds/m_SimpleVolumetricCloud.uexp" 254
"../../../Engine/Content/EngineSky/VolumetricClouds/m_SimpleVolumetricCloud_Inst.uasset" 255
"../../../Engine/Content/EngineSky/VolumetricClouds/m_SimpleVolumetricCloud_Inst.uexp" 256
"../../../Engine/Content/EngineSounds/Master.uasset" 257
"../../../Engine/Content/EngineSounds/Master.uexp" 258
"../../../Engine/Content/Functions/Engine_MaterialFunctions01/Shading/PowerToRoughness.uasset" 259
"../../../Engine/Content/Functions/Engine_MaterialFunctions01/Shading/PowerToRoughness.uexp" 260
"../../../Engine/Content/Maps/Templates/Thumbnails/Default.uasset" 261
"../../../Engine/Content/Maps/Templates/Thumbnails/Default.uexp" 262
"../../../Engine/Content/Maps/Templates/Thumbnails/TimeOfDay.uasset" 263
"../../../Engine/Content/Maps/Templates/Thumbnails/TimeOfDay.uexp" 264
"../../../Engine/Content/Maps/Templates/Thumbnails/VR-Basic.uasset" 265
"../../../Engine/Content/Maps/Templates/Thumbnails/VR-Basic.uexp" 266
"../../../Engine/Content/MobileResources/T_MobileControls_texture.uasset" 267
"../../../Engine/Content/MobileResources/T_MobileControls_texture.uexp" 268
"../../../Engine/Content/MobileResources/T_MobileMenu2.uasset" 269
"../../../Engine/Content/MobileResources/T_MobileMenu2.uexp" 270
"../../../Engine/Content/MobileResources/HUD/AnalogHat.uasset" 271
"../../../Engine/Content/MobileResources/HUD/AnalogHat.uexp" 272
"../../../Engine/Content/MobileResources/HUD/VirtualJoystick_Thumb.uasset" 273
"../../../Engine/Content/MobileResources/HUD/VirtualJoystick_Thumb.uexp" 274
"../../../Engine/Content/MobileResources/HUD/VirtualJoystick_Background.uasset" 275
"../../../Engine/Content/MobileResources/HUD/VirtualJoystick_Background.uexp" 276
"../../../Engine/Content/MobileResources/HUD/DefaultVirtualJoysticks.uasset" 277
"../../../Engine/Content/MobileResources/HUD/DefaultVirtualJoysticks.uexp" 278
"../../../Engine/Content/MobileResources/HUD/LeftVirtualJoystickOnly.uasset" 279
"../../../Engine/Content/MobileResources/HUD/LeftVirtualJoystickOnly.uexp" 280
"../../../Engine/Content/MobileResources/HUD/MobileHUDButton1_off.uasset" 281
"../../../Engine/Content/MobileResources/HUD/MobileHUDButton1_off.uexp" 282
"../../../Engine/Content/MobileResources/HUD/MobileHUDButton1_on.uasset" 283
"../../../Engine/Content/MobileResources/HUD/MobileHUDButton1_on.uexp" 284
"../../../Engine/Content/MobileResources/HUD/MobileHUDButton2_off.uasset" 285
"../../../Engine/Content/MobileResources/HUD/MobileHUDButton2_off.uexp" 286
"../../../Engine/Content/MobileResources/HUD/MobileHUDButton2_on.uasset" 287
"../../../Engine/Content/MobileResources/HUD/MobileHUDButton2_on.uexp" 288
"../../../Engine/Content/MobileResources/HUD/MobileHUDButton3.uasset" 289
"../../../Engine/Content/MobileResources/HUD/MobileHUDButton3.uexp" 290
"../../../Engine/Content/MobileResources/HUD/MobileHUDButtonFire.uasset" 291
"../../../Engine/Content/MobileResources/HUD/MobileHUDButtonFire.uexp" 292
"../../../Engine/Content/MobileResources/HUD/MobileHUDDirectionPad.uasset" 293
"../../../Engine/Content/MobileResources/HUD/MobileHUDDirectionPad.uexp" 294
"../../../Engine/Content/MobileResources/HUD/MobileHUDDirectionPad2.uasset" 295
"../../../Engine/Content/MobileResources/HUD/MobileHUDDirectionPad2.uexp" 296
"../../../Engine/Content/MobileResources/HUD/MobileHUDDirectionPad3.uasset" 297
"../../../Engine/Content/MobileResources/HUD/MobileHUDDirectionPad3.uexp" 298
"../../../Engine/Content/MobileResources/HUD/MobileHUDDirectionStick.uasset" 299
"../../../Engine/Content/MobileResources/HUD/MobileHUDDirectionStick.uexp" 300
"../../../Engine/Content/MobileResources/HUD/T_Castle_ThumbstickInner.uasset" 301
"../../../Engine/Content/MobileResources/HUD/T_Castle_ThumbstickInner.uexp" 302
"../../../Engine/Content/MobileResources/HUD/T_Castle_ThumbstickOutter.uasset" 303
"../../../Engine/Content/MobileResources/HUD/T_Castle_ThumbstickOutter.uexp" 304
"../../../Engine/Content/Tutorial/ContentIntroCurve.uasset" 305
"../../../Engine/Content/Tutorial/ContentIntroCurve.uexp" 306
"../../../Engine/Content/Tutorial/Basics/TutorialAssets/icon_tab_Levels_40x.uasset" 307
"../../../Engine/Content/Tutorial/Basics/TutorialAssets/icon_tab_Levels_40x.uexp" 308
"../../../Engine/Content/Tutorial/BlueprintTutorials/TutorialAssets/Blueprint_64x.uasset" 309
"../../../Engine/Content/Tutorial/BlueprintTutorials/TutorialAssets/Blueprint_64x.uexp" 310
"../../../Engine/Content/VREditor/TransformGizmo/TranslucentTransformGizmoMaterial.uasset" 311
"../../../Engine/Content/VREditor/TransformGizmo/TranslucentTransformGizmoMaterial.uexp" 312
"../../../Engine/Content/VREditor/LaserPointer/VR_LaserPower_01.uasset" 313
"../../../Engine/Content/VREditor/LaserPointer/VR_LaserPower_01.uexp" 314
"../../../Engine/Content/VREditor/LaserPointer/VR_LaserPower_01.ubulk" 315
"../../../Engine/Content/VREditor/TransformGizmo/TransformGizmoMaterial.uasset" 316
"../../../Engine/Content/VREditor/TransformGizmo/TransformGizmoMaterial.uexp" 317
"../../../Engine/Content/VREditor/TransformGizmo/BoundingBoxCorner.uasset" 318
"../../../Engine/Content/VREditor/TransformGizmo/BoundingBoxCorner.uexp" 319
"../../../Engine/Content/VREditor/TransformGizmo/BoundingBoxEdge.uasset" 320
"../../../Engine/Content/VREditor/TransformGizmo/BoundingBoxEdge.uexp" 321
"../../../Engine/Content/VREditor/TransformGizmo/PlaneTranslationHandle.uasset" 322
"../../../Engine/Content/VREditor/TransformGizmo/PlaneTranslationHandle.uexp" 323
"../../../Engine/Content/VREditor/TransformGizmo/Xray.uasset" 324
"../../../Engine/Content/VREditor/TransformGizmo/Xray.uexp" 325
"../../../Engine/Content/VREditor/TransformGizmo/Main.uasset" 326
"../../../Engine/Content/VREditor/TransformGizmo/Main.uexp" 327
"../../../Engine/Content/VREditor/TransformGizmo/SM_Sequencer_Key.uasset" 328
"../../../Engine/Content/VREditor/TransformGizmo/SM_Sequencer_Key.uexp" 329
"../../../Engine/Content/VREditor/TransformGizmo/SM_Sequencer_Node.uasset" 330
"../../../Engine/Content/VREditor/TransformGizmo/SM_Sequencer_Node.uexp" 331
"../../../Engine/Plugins/2D/Paper2D/Content/PlaceholderTextures/DummySpriteTexture.uasset" 332
"../../../Engine/Plugins/2D/Paper2D/Content/PlaceholderTextures/DummySpriteTexture.uexp" 333
"../../../Engine/Plugins/2D/Paper2D/Content/PlaceholderTextures/DummySpriteTexture.ubulk" 334
"../../../Engine/Plugins/2D/Paper2D/Content/DummySprite.uasset" 335
"../../../Engine/Plugins/2D/Paper2D/Content/DummySprite.uexp" 336
"../../../Engine/Plugins/2D/Paper2D/Content/DefaultPaperTerrainMaterial.uasset" 337
"../../../Engine/Plugins/2D/Paper2D/Content/DefaultPaperTerrainMaterial.uexp" 338
"../../../Engine/Plugins/2D/Paper2D/Content/DefaultSpriteMaterial.uasset" 339
"../../../Engine/Plugins/2D/Paper2D/Content/DefaultSpriteMaterial.uexp" 340
"../../../Engine/Plugins/2D/Paper2D/Content/MaskedUnlitSpriteMaterial.uasset" 341
"../../../Engine/Plugins/2D/Paper2D/Content/MaskedUnlitSpriteMaterial.uexp" 342
"../../../Engine/Plugins/2D/Paper2D/Content/OpaqueUnlitSpriteMaterial.uasset" 343
"../../../Engine/Plugins/2D/Paper2D/Content/OpaqueUnlitSpriteMaterial.uexp" 344
"../../../Engine/Plugins/2D/Paper2D/Content/Tutorial/Paper2D/TutorialAssets/Paper2DFlipbook_TutorialIcon.uasset" 345
"../../../Engine/Plugins/2D/Paper2D/Content/Tutorial/Paper2D/TutorialAssets/Paper2DFlipbook_TutorialIcon.uexp" 346
"../../../Engine/Content/ArtTools/RenderToTexture/Materials/Debug/M_Emissive_Color.uasset" 347
"../../../Engine/Content/ArtTools/RenderToTexture/Materials/Debug/M_Emissive_Color.uexp" 348
"../../../Engine/Content/BasicShapes/Cylinder.uasset" 349
"../../../Engine/Content/BasicShapes/Cylinder.uexp" 350
"../../../Engine/Plugins/Lumin/MagicLeapPassableWorld/Content/MagicLeapARPinInfoActor.uasset" 351
"../../../Engine/Plugins/Lumin/MagicLeapPassableWorld/Content/MagicLeapARPinInfoActor.uexp" 352
"../../../Engine/Plugins/Runtime/OpenXR/Content/Devices/GoogleDaydream/MRTexture.uasset" 353
"../../../Engine/Plugins/Runtime/OpenXR/Content/Devices/GoogleDaydream/MRTexture.uexp" 354
"../../../Engine/Plugins/Runtime/OpenXR/Content/Devices/GoogleDaydream/MRTexture.ubulk" 355
"../../../Engine/Plugins/Runtime/OpenXR/Content/Devices/GoogleDaydream/BaseTexture.uasset" 356
"../../../Engine/Plugins/Runtime/OpenXR/Content/Devices/GoogleDaydream/BaseTexture.uexp" 357
"../../../Engine/Plugins/Runtime/OpenXR/Content/Devices/GoogleDaydream/BaseTexture.ubulk" 358
"../../../Engine/Content/EngineResources/Black.uasset" 359
"../../../Engine/Content/EngineResources/Black.uexp" 360
"../../../Engine/Plugins/Runtime/OpenXR/Content/Devices/M_XRController.uasset" 361
"../../../Engine/Plugins/Runtime/OpenXR/Content/Devices/M_XRController.uexp" 362
"../../../Engine/Plugins/Runtime/OpenXR/Content/Devices/GoogleDaydream/MI_GoogleDaydream.uasset" 363
"../../../Engine/Plugins/Runtime/OpenXR/Content/Devices/GoogleDaydream/MI_GoogleDaydream.uexp" 364
"../../../Engine/Plugins/Runtime/OpenXR/Content/Devices/GoogleDaydream/GoogleDaydreamController.uasset" 365
"../../../Engine/Plugins/Runtime/OpenXR/Content/Devices/GoogleDaydream/GoogleDaydreamController.uexp" 366
"../../../Engine/Plugins/Runtime/OpenXR/Content/Devices/HTCVive/BaseTexture.uasset" 367
"../../../Engine/Plugins/Runtime/OpenXR/Content/Devices/HTCVive/BaseTexture.uexp" 368
"../../../Engine/Plugins/Runtime/OpenXR/Content/Devices/HTCVive/BaseTexture.ubulk" 369
"../../../Engine/Plugins/Runtime/OpenXR/Content/Devices/HTCVive/MI_HTCVive.uasset" 370
"../../../Engine/Plugins/Runtime/OpenXR/Content/Devices/HTCVive/MI_HTCVive.uexp" 371
"../../../Engine/Plugins/Runtime/OpenXR/Content/Devices/HTCVive/HTCViveController.uasset" 372
"../../../Engine/Plugins/Runtime/OpenXR/Content/Devices/HTCVive/HTCViveController.uexp" 373
"../../../Engine/Plugins/Runtime/OpenXR/Content/Devices/MicrosoftMixedReality/NormalTexture.uasset" 374
"../../../Engine/Plugins/Runtime/OpenXR/Content/Devices/MicrosoftMixedReality/NormalTexture.uexp" 375
"../../../Engine/Plugins/Runtime/OpenXR/Content/Devices/MicrosoftMixedReality/NormalTexture.ubulk" 376
"../../../Engine/Plugins/Runtime/OpenXR/Content/Devices/MicrosoftMixedReality/MRTexture.uasset" 377
"../../../Engine/Plugins/Runtime/OpenXR/Content/Devices/MicrosoftMixedReality/MRTexture.uexp" 378
"../../../Engine/Plugins/Runtime/OpenXR/Content/Devices/MicrosoftMixedReality/MRTexture.ubulk" 379
"../../../Engine/Plugins/Runtime/OpenXR/Content/Devices/MicrosoftMixedReality/EmissiveTexture.uasset" 380
"../../../Engine/Plugins/Runtime/OpenXR/Content/Devices/MicrosoftMixedReality/EmissiveTexture.uexp" 381
"../../../Engine/Plugins/Runtime/OpenXR/Content/Devices/MicrosoftMixedReality/EmissiveTexture.ubulk" 382
"../../../Engine/Plugins/Runtime/OpenXR/Content/Devices/MicrosoftMixedReality/BaseTexture.uasset" 383
"../../../Engine/Plugins/Runtime/OpenXR/Content/Devices/MicrosoftMixedReality/BaseTexture.uexp" 384
"../../../Engine/Plugins/Runtime/OpenXR/Content/Devices/MicrosoftMixedReality/BaseTexture.ubulk" 385
"../../../Engine/Plugins/Runtime/OpenXR/Content/Devices/MicrosoftMixedReality/MI_MicrosoftMixedReality.uasset" 386
"../../../Engine/Plugins/Runtime/OpenXR/Content/Devices/MicrosoftMixedReality/MI_MicrosoftMixedReality.uexp" 387
"../../../Engine/Plugins/Runtime/OpenXR/Content/Devices/MicrosoftMixedReality/Left/left_MicrosoftMixedRealityController.uasset" 388
"../../../Engine/Plugins/Runtime/OpenXR/Content/Devices/MicrosoftMixedReality/Left/left_MicrosoftMixedRealityController.uexp" 389
"../../../Engine/Plugins/Runtime/OpenXR/Content/Devices/MicrosoftMixedReality/Right/right_MicrosoftMixedRealityController.uasset" 390
"../../../Engine/Plugins/Runtime/OpenXR/Content/Devices/MicrosoftMixedReality/Right/right_MicrosoftMixedRealityController.uexp" 391
"../../../Engine/Plugins/Runtime/OpenXR/Content/Devices/OculusGo/BaseTexture.uasset" 392
"../../../Engine/Plugins/Runtime/OpenXR/Content/Devices/OculusGo/BaseTexture.uexp" 393
"../../../Engine/Plugins/Runtime/OpenXR/Content/Devices/OculusGo/BaseTexture.ubulk" 394
"../../../Engine/Plugins/Runtime/OpenXR/Content/Devices/OculusGo/MI_OculusGo.uasset" 395
"../../../Engine/Plugins/Runtime/OpenXR/Content/Devices/OculusGo/MI_OculusGo.uexp" 396
"../../../Engine/Plugins/Runtime/OpenXR/Content/Devices/OculusGo/OculusGoController.uasset" 397
"../../../Engine/Plugins/Runtime/OpenXR/Content/Devices/OculusGo/OculusGoController.uexp" 398
"../../../Engine/Plugins/Runtime/OpenXR/Content/Devices/OculusTouch/MRTexture.uasset" 399
"../../../Engine/Plugins/Runtime/OpenXR/Content/Devices/OculusTouch/MRTexture.uexp" 400
"../../../Engine/Plugins/Runtime/OpenXR/Content/Devices/OculusTouch/MRTexture.ubulk" 401
"../../../Engine/Plugins/Runtime/OpenXR/Content/Devices/OculusTouch/BaseTexture.uasset" 402
"../../../Engine/Plugins/Runtime/OpenXR/Content/Devices/OculusTouch/BaseTexture.uexp" 403
"../../../Engine/Plugins/Runtime/OpenXR/Content/Devices/OculusTouch/BaseTexture.ubulk" 404
"../../../Engine/Plugins/Runtime/OpenXR/Content/Devices/OculusTouch/MI_OculusTouch.uasset" 405
"../../../Engine/Plugins/Runtime/OpenXR/Content/Devices/OculusTouch/MI_OculusTouch.uexp" 406
"../../../Engine/Plugins/Runtime/OpenXR/Content/Devices/OculusTouch/Left/left_OculusTouchController.uasset" 407
"../../../Engine/Plugins/Runtime/OpenXR/Content/Devices/OculusTouch/Left/left_OculusTouchController.uexp" 408
"../../../Engine/Plugins/Runtime/OpenXR/Content/Devices/OculusTouch/Right/right_OculusTouchController.uasset" 409
"../../../Engine/Plugins/Runtime/OpenXR/Content/Devices/OculusTouch/Right/right_OculusTouchController.uexp" 410
"../../../Engine/Plugins/Runtime/OpenXR/Content/Devices/OculusTouch_v2/MRTexture.uasset" 411
"../../../Engine/Plugins/Runtime/OpenXR/Content/Devices/OculusTouch_v2/MRTexture.uexp" 412
"../../../Engine/Plugins/Runtime/OpenXR/Content/Devices/OculusTouch_v2/MRTexture.ubulk" 413
"../../../Engine/Plugins/Runtime/OpenXR/Content/Devices/OculusTouch_v2/BaseTexture.uasset" 414
"../../../Engine/Plugins/Runtime/OpenXR/Content/Devices/OculusTouch_v2/BaseTexture.uexp" 415
"../../../Engine/Plugins/Runtime/OpenXR/Content/Devices/OculusTouch_v2/BaseTexture.ubulk" 416
"../../../Engine/Plugins/Runtime/OpenXR/Content/Devices/OculusTouch_v2/MI_OculusTouch_v2.uasset" 417
"../../../Engine/Plugins/Runtime/OpenXR/Content/Devices/OculusTouch_v2/MI_OculusTouch_v2.uexp" 418
"../../../Engine/Plugins/Runtime/OpenXR/Content/Devices/OculusTouch_v2/Left/left_OculusTouch_v2Controller.uasset" 419
"../../../Engine/Plugins/Runtime/OpenXR/Content/Devices/OculusTouch_v2/Left/left_OculusTouch_v2Controller.uexp" 420
"../../../Engine/Plugins/Runtime/OpenXR/Content/Devices/OculusTouch_v2/Right/right_OculusTouch_v2Controller.uasset" 421
"../../../Engine/Plugins/Runtime/OpenXR/Content/Devices/OculusTouch_v2/Right/right_OculusTouch_v2Controller.uexp" 422
"../../../Engine/Plugins/Runtime/OpenXR/Content/Devices/OculusTouch_v3/MRTexture.uasset" 423
"../../../Engine/Plugins/Runtime/OpenXR/Content/Devices/OculusTouch_v3/MRTexture.uexp" 424
"../../../Engine/Plugins/Runtime/OpenXR/Content/Devices/OculusTouch_v3/MRTexture.ubulk" 425
"../../../Engine/Plugins/Runtime/OpenXR/Content/Devices/OculusTouch_v3/BaseTexture.uasset" 426
"../../../Engine/Plugins/Runtime/OpenXR/Content/Devices/OculusTouch_v3/BaseTexture.uexp" 427
"../../../Engine/Plugins/Runtime/OpenXR/Content/Devices/OculusTouch_v3/BaseTexture.ubulk" 428
"../../../Engine/Plugins/Runtime/OpenXR/Content/Devices/OculusTouch_v3/MI_OculusTouch_v3.uasset" 429
"../../../Engine/Plugins/Runtime/OpenXR/Content/Devices/OculusTouch_v3/MI_OculusTouch_v3.uexp" 430
"../../../Engine/Plugins/Runtime/OpenXR/Content/Devices/OculusTouch_v3/Left/left_OculusTouch_v3Controller.uasset" 431
"../../../Engine/Plugins/Runtime/OpenXR/Content/Devices/OculusTouch_v3/Left/left_OculusTouch_v3Controller.uexp" 432
"../../../Engine/Plugins/Runtime/OpenXR/Content/Devices/OculusTouch_v3/Right/right_OculusTouch_v3Controller.uasset" 433
"../../../Engine/Plugins/Runtime/OpenXR/Content/Devices/OculusTouch_v3/Right/right_OculusTouch_v3Controller.uexp" 434
"../../../Engine/Plugins/Runtime/OpenXR/Content/Devices/ValveIndex/MRTexture.uasset" 435
"../../../Engine/Plugins/Runtime/OpenXR/Content/Devices/ValveIndex/MRTexture.uexp" 436
"../../../Engine/Plugins/Runtime/OpenXR/Content/Devices/ValveIndex/MRTexture.ubulk" 437
"../../../Engine/Plugins/Runtime/OpenXR/Content/Devices/ValveIndex/BaseTexture.uasset" 438
"../../../Engine/Plugins/Runtime/OpenXR/Content/Devices/ValveIndex/BaseTexture.uexp" 439
"../../../Engine/Plugins/Runtime/OpenXR/Content/Devices/ValveIndex/BaseTexture.ubulk" 440
"../../../Engine/Plugins/Runtime/OpenXR/Content/Devices/ValveIndex/Left/MI_left_ValveIndex.uasset" 441
"../../../Engine/Plugins/Runtime/OpenXR/Content/Devices/ValveIndex/Left/MI_left_ValveIndex.uexp" 442
"../../../Engine/Plugins/Runtime/OpenXR/Content/Devices/ValveIndex/Left/left_ValveIndexController.uasset" 443
"../../../Engine/Plugins/Runtime/OpenXR/Content/Devices/ValveIndex/Left/left_ValveIndexController.uexp" 444
"../../../Engine/Plugins/Runtime/OpenXR/Content/Devices/ValveIndex/Right/MI_right_ValveIndex.uasset" 445
"../../../Engine/Plugins/Runtime/OpenXR/Content/Devices/ValveIndex/Right/MI_right_ValveIndex.uexp" 446
"../../../Engine/Plugins/Runtime/OpenXR/Content/Devices/ValveIndex/Right/right_ValveIndexController.uasset" 447
"../../../Engine/Plugins/Runtime/OpenXR/Content/Devices/ValveIndex/Right/right_ValveIndexController.uexp" 448
"../../../Engine/Content/Functions/Engine_MaterialFunctions02/Utility/BreakOutFloat3Components.uasset" 449
"../../../Engine/Content/Functions/Engine_MaterialFunctions02/Utility/BreakOutFloat3Components.uexp" 450
"../../../Engine/Plugins/Editor/SpeedTreeImporter/Content/SpeedTree9/UnpackInteger3.uasset" 451
"../../../Engine/Plugins/Editor/SpeedTreeImporter/Content/SpeedTree9/UnpackInteger3.uexp" 452
"../../../Engine/Plugins/Editor/SpeedTreeImporter/Content/SpeedTree9/UnpackDirection.uasset" 453
"../../../Engine/Plugins/Editor/SpeedTreeImporter/Content/SpeedTree9/UnpackDirection.uexp" 454
"../../../Engine/Plugins/Editor/SpeedTreeImporter/Content/SpeedTree9/game_wind_noise.uasset" 455
"../../../Engine/Plugins/Editor/SpeedTreeImporter/Content/SpeedTree9/game_wind_noise.uexp" 456
"../../../Engine/Plugins/Editor/SpeedTreeImporter/Content/SpeedTree9/game_wind_noise.ubulk" 457
"../../../Engine/Content/Functions/Engine_MaterialFunctions02/SafeNormalize.uasset" 458
"../../../Engine/Content/Functions/Engine_MaterialFunctions02/SafeNormalize.uexp" 459
"../../../Engine/Plugins/Editor/SpeedTreeImporter/Content/SpeedTree9/SpeedTreeWindMotion.uasset" 460
"../../../Engine/Plugins/Editor/SpeedTreeImporter/Content/SpeedTree9/SpeedTreeWindMotion.uexp" 461
"../../../Engine/Plugins/Editor/SpeedTreeImporter/Content/SpeedTree9/SpeedTreeBranchMotion.uasset" 462
"../../../Engine/Plugins/Editor/SpeedTreeImporter/Content/SpeedTree9/SpeedTreeBranchMotion.uexp" 463
"../../../Engine/Content/Functions/Engine_MaterialFunctions02/ObjectLocalBounds.uasset" 464
"../../../Engine/Content/Functions/Engine_MaterialFunctions02/ObjectLocalBounds.uexp" 465
"../../../Engine/Content/Functions/Engine_MaterialFunctions02/UVs/BoundingBoxBased_0-1_UVW.uasset" 466
"../../../Engine/Content/Functions/Engine_MaterialFunctions02/UVs/BoundingBoxBased_0-1_UVW.uexp" 467
"../../../Engine/Content/Functions/Engine_MaterialFunctions02/Utility/VectorLength.uasset" 468
"../../../Engine/Content/Functions/Engine_MaterialFunctions02/Utility/VectorLength.uexp" 469
"../../../Engine/Content/Functions/Engine_MaterialFunctions02/WorldPositionOffset/ObjectScale.uasset" 470
"../../../Engine/Content/Functions/Engine_MaterialFunctions02/WorldPositionOffset/ObjectScale.uexp" 471
"../../../Engine/Plugins/Editor/SpeedTreeImporter/Content/SpeedTree9/SpeedTreeWind.uasset" 472
"../../../Engine/Plugins/Editor/SpeedTreeImporter/Content/SpeedTree9/SpeedTreeWind.uexp" 473
"../../../Engine/Plugins/Editor/SpeedTreeImporter/Content/SpeedTree9/SpeedTreeBillboard.uasset" 474
"../../../Engine/Plugins/Editor/SpeedTreeImporter/Content/SpeedTree9/SpeedTreeBillboard.uexp" 475
"../../../Engine/Plugins/Editor/SpeedTreeImporter/Content/SpeedTree9/EmptyNormal.uasset" 476
"../../../Engine/Plugins/Editor/SpeedTreeImporter/Content/SpeedTree9/EmptyNormal.uexp" 477
"../../../Engine/Plugins/Editor/SpeedTreeImporter/Content/SpeedTree9/Empty.uasset" 478
"../../../Engine/Plugins/Editor/SpeedTreeImporter/Content/SpeedTree9/Empty.uexp" 479
"../../../Engine/Plugins/Editor/SpeedTreeImporter/Content/SpeedTree9/SpeedTreeBillboardMaster.uasset" 480
"../../../Engine/Plugins/Editor/SpeedTreeImporter/Content/SpeedTree9/SpeedTreeBillboardMaster.uexp" 481
"../../../Engine/Plugins/Editor/SpeedTreeImporter/Content/SpeedTree9/SpeedTreeCameraFacing.uasset" 482
"../../../Engine/Plugins/Editor/SpeedTreeImporter/Content/SpeedTree9/SpeedTreeCameraFacing.uexp" 483
"../../../Engine/Plugins/Editor/SpeedTreeImporter/Content/SpeedTree9/SpeedTreeMaster.uasset" 484
"../../../Engine/Plugins/Editor/SpeedTreeImporter/Content/SpeedTree9/SpeedTreeMaster.uexp" 485
"../../../Engine/Plugins/Runtime/AR/ARUtilities/Content/Materials/DummyExternalTexture.uasset" 486
"../../../Engine/Plugins/Runtime/AR/ARUtilities/Content/Materials/DummyExternalTexture.uexp" 487
"../../../Engine/Content/EngineResources/DefaultTexture.uasset" 488
"../../../Engine/Content/EngineResources/DefaultTexture.uexp" 489
"../../../Engine/Content/EngineResources/DefaultTexture.ubulk" 490
"../../../Engine/Plugins/Runtime/AR/ARUtilities/Content/Materials/M_PassthroughCamera.uasset" 491
"../../../Engine/Plugins/Runtime/AR/ARUtilities/Content/Materials/M_PassthroughCamera.uexp" 492
"../../../Engine/Plugins/Runtime/AR/ARUtilities/Content/Materials/MI_PassthroughCameraExternalTexture.uasset" 493
"../../../Engine/Plugins/Runtime/AR/ARUtilities/Content/Materials/MI_PassthroughCameraExternalTexture.uexp" 494
"../../../Engine/Plugins/Runtime/AR/ARUtilities/Content/Materials/M_ScreenSpacePassthroughCamera.uasset" 495
"../../../Engine/Plugins/Runtime/AR/ARUtilities/Content/Materials/M_ScreenSpacePassthroughCamera.uexp" 496
"../../../Engine/Plugins/Runtime/AR/ARUtilities/Content/Materials/MI_ScreenSpacePassthroughCameraExternalTexture.uasset" 497
"../../../Engine/Plugins/Runtime/AR/ARUtilities/Content/Materials/MI_ScreenSpacePassthroughCameraExternalTexture.uexp" 498
"../../../Engine/Plugins/Runtime/AR/ARUtilities/Content/Materials/MF_DistanceColorLerp.uasset" 499
"../../../Engine/Plugins/Runtime/AR/ARUtilities/Content/Materials/MF_DistanceColorLerp.uexp" 500
"../../../Engine/Plugins/Runtime/AR/ARUtilities/Content/Materials/M_DepthColoration.uasset" 501
"../../../Engine/Plugins/Runtime/AR/ARUtilities/Content/Materials/M_DepthColoration.uexp" 502
"../../../Engine/Content/Functions/Engine_MaterialFunctions02/Utility/BreakOutFloat4Components.uasset" 503
"../../../Engine/Content/Functions/Engine_MaterialFunctions02/Utility/BreakOutFloat4Components.uexp" 504
"../../../Engine/Content/Functions/Engine_MaterialFunctions02/Utility/MakeFloat3.uasset" 505
"../../../Engine/Content/Functions/Engine_MaterialFunctions02/Utility/MakeFloat3.uexp" 506
"../../../Engine/Plugins/Runtime/Oculus/OculusVR/Content/Materials/OculusMR_ChromaKey.uasset" 507
"../../../Engine/Plugins/Runtime/Oculus/OculusVR/Content/Materials/OculusMR_ChromaKey.uexp" 508
"../../../Engine/Plugins/Runtime/Oculus/OculusVR/Content/Materials/OculusMR_OpaqueColoredMaterial.uasset" 509
"../../../Engine/Plugins/Runtime/Oculus/OculusVR/Content/Materials/OculusMR_OpaqueColoredMaterial.uexp" 510
"../../../Engine/Plugins/Runtime/Oculus/OculusVR/Content/Materials/PokeAHoleMaterial.uasset" 511
"../../../Engine/Plugins/Runtime/Oculus/OculusVR/Content/Materials/PokeAHoleMaterial.uexp" 512
"../../../Engine/Plugins/Runtime/Oculus/OculusVR/Content/Textures/touchController_controlmap.uasset" 513
"../../../Engine/Plugins/Runtime/Oculus/OculusVR/Content/Textures/touchController_controlmap.uexp" 514
"../../../Engine/Plugins/Runtime/Oculus/OculusVR/Content/Textures/touchController_controlmap.ubulk" 515
"../../../Engine/Plugins/Runtime/Oculus/OculusVR/Content/Textures/touchController_albedo.uasset" 516
"../../../Engine/Plugins/Runtime/Oculus/OculusVR/Content/Textures/touchController_albedo.uexp" 517
"../../../Engine/Plugins/Runtime/Oculus/OculusVR/Content/Textures/touchController_albedo.ubulk" 518
"../../../Engine/Plugins/Runtime/Oculus/OculusVR/Content/Materials/touchController_mat.uasset" 519
"../../../Engine/Plugins/Runtime/Oculus/OculusVR/Content/Materials/touchController_mat.uexp" 520
"../../../Engine/Plugins/Runtime/Oculus/OculusVR/Content/Meshes/LeftTouchController.uasset" 521
"../../../Engine/Plugins/Runtime/Oculus/OculusVR/Content/Meshes/LeftTouchController.uexp" 522
"../../../Engine/Plugins/Runtime/Oculus/OculusVR/Content/Textures/TouchForQuestRiftSController_albedo.uasset" 523
"../../../Engine/Plugins/Runtime/Oculus/OculusVR/Content/Textures/TouchForQuestRiftSController_albedo.uexp" 524
"../../../Engine/Plugins/Runtime/Oculus/OculusVR/Content/Textures/TouchForQuestRiftSController_albedo.ubulk" 525
"../../../Engine/Plugins/Runtime/Oculus/OculusVR/Content/Materials/TouchForQuestRiftSControllerMaterial.uasset" 526
"../../../Engine/Plugins/Runtime/Oculus/OculusVR/Content/Materials/TouchForQuestRiftSControllerMaterial.uexp" 527
"../../../Engine/Plugins/Runtime/Oculus/OculusVR/Content/Meshes/LeftTouchForQuestRiftSController.uasset" 528
"../../../Engine/Plugins/Runtime/Oculus/OculusVR/Content/Meshes/LeftTouchForQuestRiftSController.uexp" 529
"../../../Engine/Plugins/Runtime/Oculus/OculusVR/Content/Meshes/RiftHMD.uasset" 530
"../../../Engine/Plugins/Runtime/Oculus/OculusVR/Content/Meshes/RiftHMD.uexp" 531
"../../../Engine/Plugins/Runtime/Oculus/OculusVR/Content/Meshes/RightTouchController.uasset" 532
"../../../Engine/Plugins/Runtime/Oculus/OculusVR/Content/Meshes/RightTouchController.uexp" 533
"../../../Engine/Plugins/Runtime/Oculus/OculusVR/Content/Meshes/RightTouchForQuestRiftSController.uasset" 534
"../../../Engine/Plugins/Runtime/Oculus/OculusVR/Content/Meshes/RightTouchForQuestRiftSController.uexp" 535
"../../../Engine/Plugins/Runtime/AR/AppleAR/AppleARKit/Content/M_OcclusionOverlay.uasset" 536
"../../../Engine/Plugins/Runtime/AR/AppleAR/AppleARKit/Content/M_OcclusionOverlay.uexp" 537
"../../../Engine/Plugins/Runtime/AR/AppleAR/AppleARKit/Content/MI_DepthOcclusionOverlay.uasset" 538
"../../../Engine/Plugins/Runtime/AR/AppleAR/AppleARKit/Content/MI_DepthOcclusionOverlay.uexp" 539
"../../../Engine/Plugins/Runtime/AR/AppleAR/AppleARKit/Content/MI_MatteOcclusionOverlay.uasset" 540
"../../../Engine/Plugins/Runtime/AR/AppleAR/AppleARKit/Content/MI_MatteOcclusionOverlay.uexp" 541
"../../../Engine/Plugins/Runtime/AR/AppleAR/AppleARKit/Content/M_SceneDepthOcclusion.uasset" 542
"../../../Engine/Plugins/Runtime/AR/AppleAR/AppleARKit/Content/M_SceneDepthOcclusion.uexp" 543
"F:/1125/VirEarth-Yang-Hyunseung/Content/HandheldAR/Blueprints/HPWidget.uasset" 544
"F:/1125/VirEarth-Yang-Hyunseung/Content/HandheldAR/Blueprints/HPWidget.uexp" 545
"F:/1125/VirEarth-Yang-Hyunseung/Content/HandheldAR/Blueprints/timer.uasset" 546
"F:/1125/VirEarth-Yang-Hyunseung/Content/HandheldAR/Blueprints/timer.uexp" 547
"F:/1125/VirEarth-Yang-Hyunseung/Content/HandheldAR/Blueprints/Widget/CreateWidgetFromThis.uasset" 548
"F:/1125/VirEarth-Yang-Hyunseung/Content/HandheldAR/Blueprints/Widget/CreateWidgetFromThis.uexp" 549
"F:/1125/VirEarth-Yang-Hyunseung/Content/HandheldAR/Blueprints/ItemInfoStructure.uasset" 550
"F:/1125/VirEarth-Yang-Hyunseung/Content/HandheldAR/Blueprints/ItemInfoStructure.uexp" 551
"F:/1125/VirEarth-Yang-Hyunseung/Content/HandheldAR/Blueprints/InventoryUI/SwitchUI.uasset" 552
"F:/1125/VirEarth-Yang-Hyunseung/Content/HandheldAR/Blueprints/InventoryUI/SwitchUI.uexp" 553
"../../../Engine/Content/EditorBlueprintResources/StandardMacros.uasset" 554
"../../../Engine/Content/EditorBlueprintResources/StandardMacros.uexp" 555
"F:/1125/VirEarth-Yang-Hyunseung/Content/HandheldAR/CandidateImage/switch.uasset" 556
"F:/1125/VirEarth-Yang-Hyunseung/Content/HandheldAR/CandidateImage/switch.uexp" 557
"F:/1125/VirEarth-Yang-Hyunseung/Content/HandheldAR/CandidateImage/SwitchCandidateImage.uasset" 558
"F:/1125/VirEarth-Yang-Hyunseung/Content/HandheldAR/CandidateImage/SwitchCandidateImage.uexp" 559
"F:/1125/VirEarth-Yang-Hyunseung/Content/HandheldAR/Blueprints/Widget/SwitchWidget.uasset" 560
"F:/1125/VirEarth-Yang-Hyunseung/Content/HandheldAR/Blueprints/Widget/SwitchWidget.uexp" 561
"F:/1125/VirEarth-Yang-Hyunseung/Content/HandheldAR/Blueprints/SwitchWorkWidget.uasset" 562
"F:/1125/VirEarth-Yang-Hyunseung/Content/HandheldAR/Blueprints/SwitchWorkWidget.uexp" 563
"F:/1125/VirEarth-Yang-Hyunseung/Content/HandheldAR/Blueprints/InventoryUI/MaskUI.uasset" 564
"F:/1125/VirEarth-Yang-Hyunseung/Content/HandheldAR/Blueprints/InventoryUI/MaskUI.uexp" 565
"F:/1125/VirEarth-Yang-Hyunseung/Content/HandheldAR/Blueprints/InventoryUI/MaskUI.ubulk" 566
"F:/1125/VirEarth-Yang-Hyunseung/Content/HandheldAR/Blueprints/Widget/MaskWidget.uasset" 567
"F:/1125/VirEarth-Yang-Hyunseung/Content/HandheldAR/Blueprints/Widget/MaskWidget.uexp" 568
"F:/1125/VirEarth-Yang-Hyunseung/Content/HandheldAR/Blueprints/MaskWorkWidget.uasset" 569
"F:/1125/VirEarth-Yang-Hyunseung/Content/HandheldAR/Blueprints/MaskWorkWidget.uexp" 570
"F:/1125/VirEarth-Yang-Hyunseung/Content/HandheldAR/Blueprints/InventoryUI/InventorySlot.uasset" 571
"F:/1125/VirEarth-Yang-Hyunseung/Content/HandheldAR/Blueprints/InventoryUI/InventorySlot.uexp" 572
"F:/1125/VirEarth-Yang-Hyunseung/Content/HandheldAR/Blueprints/InventoryUI/Inventory.uasset" 573
"F:/1125/VirEarth-Yang-Hyunseung/Content/HandheldAR/Blueprints/InventoryUI/Inventory.uexp" 574
"F:/1125/VirEarth-Yang-Hyunseung/Content/HandheldAR/CandidateImage/batterybox.uasset" 575
"F:/1125/VirEarth-Yang-Hyunseung/Content/HandheldAR/CandidateImage/batterybox.uexp" 576
"F:/1125/VirEarth-Yang-Hyunseung/Content/HandheldAR/CandidateImage/BatteryBoxCandidateImage.uasset" 577
"F:/1125/VirEarth-Yang-Hyunseung/Content/HandheldAR/CandidateImage/BatteryBoxCandidateImage.uexp" 578
"F:/1125/VirEarth-Yang-Hyunseung/Content/HandheldAR/CandidateImage/board.uasset" 579
"F:/1125/VirEarth-Yang-Hyunseung/Content/HandheldAR/CandidateImage/board.uexp" 580
"F:/1125/VirEarth-Yang-Hyunseung/Content/HandheldAR/CandidateImage/BoardCandidateImage.uasset" 581
"F:/1125/VirEarth-Yang-Hyunseung/Content/HandheldAR/CandidateImage/BoardCandidateImage.uexp" 582
"F:/1125/VirEarth-Yang-Hyunseung/Content/HandheldAR/CandidateImage/charger.uasset" 583
"F:/1125/VirEarth-Yang-Hyunseung/Content/HandheldAR/CandidateImage/charger.uexp" 584
"F:/1125/VirEarth-Yang-Hyunseung/Content/HandheldAR/CandidateImage/ChargerCandidateImage.uasset" 585
"F:/1125/VirEarth-Yang-Hyunseung/Content/HandheldAR/CandidateImage/ChargerCandidateImage.uexp" 586
"F:/1125/VirEarth-Yang-Hyunseung/Content/HandheldAR/CandidateImage/drawer.uasset" 587
"F:/1125/VirEarth-Yang-Hyunseung/Content/HandheldAR/CandidateImage/drawer.uexp" 588
"F:/1125/VirEarth-Yang-Hyunseung/Content/HandheldAR/CandidateImage/DrawerCandidateImage.uasset" 589
"F:/1125/VirEarth-Yang-Hyunseung/Content/HandheldAR/CandidateImage/DrawerCandidateImage.uexp" 590
"F:/1125/VirEarth-Yang-Hyunseung/Content/HandheldAR/CandidateImage/elevator.uasset" 591
"F:/1125/VirEarth-Yang-Hyunseung/Content/HandheldAR/CandidateImage/elevator.uexp" 592
"F:/1125/VirEarth-Yang-Hyunseung/Content/HandheldAR/CandidateImage/ElevatorCandidateImage.uasset" 593
"F:/1125/VirEarth-Yang-Hyunseung/Content/HandheldAR/CandidateImage/ElevatorCandidateImage.uexp" 594
"F:/1125/VirEarth-Yang-Hyunseung/Content/HandheldAR/CandidateImage/fireplug.uasset" 595
"F:/1125/VirEarth-Yang-Hyunseung/Content/HandheldAR/CandidateImage/fireplug.uexp" 596
"F:/1125/VirEarth-Yang-Hyunseung/Content/HandheldAR/CandidateImage/FireplugCandidateImage.uasset" 597
"F:/1125/VirEarth-Yang-Hyunseung/Content/HandheldAR/CandidateImage/FireplugCandidateImage.uexp" 598
"F:/1125/VirEarth-Yang-Hyunseung/Content/HandheldAR/CandidateImage/locker.uasset" 599
"F:/1125/VirEarth-Yang-Hyunseung/Content/HandheldAR/CandidateImage/locker.uexp" 600
"F:/1125/VirEarth-Yang-Hyunseung/Content/HandheldAR/CandidateImage/LockerCandidateImage.uasset" 601
"F:/1125/VirEarth-Yang-Hyunseung/Content/HandheldAR/CandidateImage/LockerCandidateImage.uexp" 602
"F:/1125/VirEarth-Yang-Hyunseung/Content/HandheldAR/CandidateImage/mask.uasset" 603
"F:/1125/VirEarth-Yang-Hyunseung/Content/HandheldAR/CandidateImage/mask.uexp" 604
"F:/1125/VirEarth-Yang-Hyunseung/Content/HandheldAR/CandidateImage/MaskCandidateImage.uasset" 605
"F:/1125/VirEarth-Yang-Hyunseung/Content/HandheldAR/CandidateImage/MaskCandidateImage.uexp" 606
"F:/1125/VirEarth-Yang-Hyunseung/Content/HandheldAR/CandidateImage/vendingmachine.uasset" 607
"F:/1125/VirEarth-Yang-Hyunseung/Content/HandheldAR/CandidateImage/vendingmachine.uexp" 608
"F:/1125/VirEarth-Yang-Hyunseung/Content/HandheldAR/CandidateImage/VendingMachineCandidateImage.uasset" 609
"F:/1125/VirEarth-Yang-Hyunseung/Content/HandheldAR/CandidateImage/VendingMachineCandidateImage.uexp" 610
"F:/1125/VirEarth-Yang-Hyunseung/Content/HandheldAR/CandidateImage/buildingright.uasset" 611
"F:/1125/VirEarth-Yang-Hyunseung/Content/HandheldAR/CandidateImage/buildingright.uexp" 612
"F:/1125/VirEarth-Yang-Hyunseung/Content/HandheldAR/CandidateImage/BuildingRightCandidateImage.uasset" 613
"F:/1125/VirEarth-Yang-Hyunseung/Content/HandheldAR/CandidateImage/BuildingRightCandidateImage.uexp" 614
"F:/1125/VirEarth-Yang-Hyunseung/Content/HandheldAR/CandidateImage/buildingleft.uasset" 615
"F:/1125/VirEarth-Yang-Hyunseung/Content/HandheldAR/CandidateImage/buildingleft.uexp" 616
"F:/1125/VirEarth-Yang-Hyunseung/Content/HandheldAR/CandidateImage/BuildingLeftCandidateImage.uasset" 617
"F:/1125/VirEarth-Yang-Hyunseung/Content/HandheldAR/CandidateImage/BuildingLeftCandidateImage.uexp" 618
"F:/1125/VirEarth-Yang-Hyunseung/Content/HandheldAR/D_ARSessionConfig.uasset" 619
"F:/1125/VirEarth-Yang-Hyunseung/Content/HandheldAR/D_ARSessionConfig.uexp" 620
"F:/1125/VirEarth-Yang-Hyunseung/Content/HandheldAR/Blueprints/fog_10to0.uasset" 621
"F:/1125/VirEarth-Yang-Hyunseung/Content/HandheldAR/Blueprints/fog_10to0.uexp" 622
"F:/1125/VirEarth-Yang-Hyunseung/Content/HandheldAR/Blueprints/fog_20to10.uasset" 623
"F:/1125/VirEarth-Yang-Hyunseung/Content/HandheldAR/Blueprints/fog_20to10.uexp" 624
"F:/1125/VirEarth-Yang-Hyunseung/Content/HandheldAR/Blueprints/fog_30to20.uasset" 625
"F:/1125/VirEarth-Yang-Hyunseung/Content/HandheldAR/Blueprints/fog_30to20.uexp" 626
"F:/1125/VirEarth-Yang-Hyunseung/Content/HandheldAR/Blueprints/main.uasset" 627
"F:/1125/VirEarth-Yang-Hyunseung/Content/HandheldAR/Blueprints/main.uexp" 628
"F:/1125/VirEarth-Yang-Hyunseung/Content/HandheldAR/Blueprints/Game_Over.uasset" 629
"F:/1125/VirEarth-Yang-Hyunseung/Content/HandheldAR/Blueprints/Game_Over.uexp" 630
"F:/1125/VirEarth-Yang-Hyunseung/Content/HandheldAR/Blueprints/SettingUI/SettingIcon.uasset" 631
"F:/1125/VirEarth-Yang-Hyunseung/Content/HandheldAR/Blueprints/SettingUI/SettingIcon.uexp" 632
"F:/1125/VirEarth-Yang-Hyunseung/Content/HandheldAR/Blueprints/SettingUI/SettingIcon.ubulk" 633
"F:/1125/VirEarth-Yang-Hyunseung/Content/HandheldAR/Blueprints/SettingUI/Setting.uasset" 634
"F:/1125/VirEarth-Yang-Hyunseung/Content/HandheldAR/Blueprints/SettingUI/Setting.uexp" 635
"F:/1125/VirEarth-Yang-Hyunseung/Content/HandheldAR/Blueprints/SettingUI/SettingButton.uasset" 636
"F:/1125/VirEarth-Yang-Hyunseung/Content/HandheldAR/Blueprints/SettingUI/SettingButton.uexp" 637
"F:/1125/VirEarth-Yang-Hyunseung/Content/HandheldAR/Blueprints/InventoryUI/BagUI.uasset" 638
"F:/1125/VirEarth-Yang-Hyunseung/Content/HandheldAR/Blueprints/InventoryUI/BagUI.uexp" 639
"F:/1125/VirEarth-Yang-Hyunseung/Content/HandheldAR/Blueprints/InventoryUI/InventoryButton.uasset" 640
"F:/1125/VirEarth-Yang-Hyunseung/Content/HandheldAR/Blueprints/InventoryUI/InventoryButton.uexp" 641
"../../../Engine/Content/BasicShapes/Cube.uasset" 642
"../../../Engine/Content/BasicShapes/Cube.uexp" 643
"../../../Engine/Content/BasicShapes/BasicShapeMaterial.uasset" 644
"../../../Engine/Content/BasicShapes/BasicShapeMaterial.uexp" 645
"F:/1125/VirEarth-Yang-Hyunseung/Content/HandheldAR/Blueprints/Widget/VendingMachineTestWidget.uasset" 646
"F:/1125/VirEarth-Yang-Hyunseung/Content/HandheldAR/Blueprints/Widget/VendingMachineTestWidget.uexp" 647
"F:/1125/VirEarth-Yang-Hyunseung/Content/HandheldAR/Blueprints/SpawnActor/VendingMachineActor.uasset" 648
"F:/1125/VirEarth-Yang-Hyunseung/Content/HandheldAR/Blueprints/SpawnActor/VendingMachineActor.uexp" 649
"F:/1125/VirEarth-Yang-Hyunseung/Content/HandheldAR/Blueprints/SpawnActor/SwitchActor.uasset" 650
"F:/1125/VirEarth-Yang-Hyunseung/Content/HandheldAR/Blueprints/SpawnActor/SwitchActor.uexp" 651
"F:/1125/VirEarth-Yang-Hyunseung/Content/HandheldAR/Blueprints/SpawnActor/MaskActor.uasset" 652
"F:/1125/VirEarth-Yang-Hyunseung/Content/HandheldAR/Blueprints/SpawnActor/MaskActor.uexp" 653
"F:/1125/VirEarth-Yang-Hyunseung/Content/HandheldAR/Blueprints/Widget/FireplugTestWidget.uasset" 654
"F:/1125/VirEarth-Yang-Hyunseung/Content/HandheldAR/Blueprints/Widget/FireplugTestWidget.uexp" 655
"F:/1125/VirEarth-Yang-Hyunseung/Content/HandheldAR/Blueprints/SpawnActor/FireplugActor.uasset" 656
"F:/1125/VirEarth-Yang-Hyunseung/Content/HandheldAR/Blueprints/SpawnActor/FireplugActor.uexp" 657
"F:/1125/VirEarth-Yang-Hyunseung/Content/HandheldAR/Blueprints/Widget/ElevatorTestWidget.uasset" 658
"F:/1125/VirEarth-Yang-Hyunseung/Content/HandheldAR/Blueprints/Widget/ElevatorTestWidget.uexp" 659
"F:/1125/VirEarth-Yang-Hyunseung/Content/HandheldAR/Blueprints/SpawnActor/ElevatorActor.uasset" 660
"F:/1125/VirEarth-Yang-Hyunseung/Content/HandheldAR/Blueprints/SpawnActor/ElevatorActor.uexp" 661
"F:/1125/VirEarth-Yang-Hyunseung/Content/HandheldAR/Blueprints/Widget/DrawerWidget.uasset" 662
"F:/1125/VirEarth-Yang-Hyunseung/Content/HandheldAR/Blueprints/Widget/DrawerWidget.uexp" 663
"F:/1125/VirEarth-Yang-Hyunseung/Content/HandheldAR/Blueprints/SpawnActor/DrawerActor.uasset" 664
"F:/1125/VirEarth-Yang-Hyunseung/Content/HandheldAR/Blueprints/SpawnActor/DrawerActor.uexp" 665
"F:/1125/VirEarth-Yang-Hyunseung/Content/HandheldAR/Blueprints/Widget/ChargerTestWidget.uasset" 666
"F:/1125/VirEarth-Yang-Hyunseung/Content/HandheldAR/Blueprints/Widget/ChargerTestWidget.uexp" 667
"F:/1125/VirEarth-Yang-Hyunseung/Content/HandheldAR/Blueprints/SpawnActor/ChargerActor.uasset" 668
"F:/1125/VirEarth-Yang-Hyunseung/Content/HandheldAR/Blueprints/SpawnActor/ChargerActor.uexp" 669
"F:/1125/VirEarth-Yang-Hyunseung/Content/HandheldAR/Blueprints/Widget/BuildingRightTestWidget.uasset" 670
"F:/1125/VirEarth-Yang-Hyunseung/Content/HandheldAR/Blueprints/Widget/BuildingRightTestWidget.uexp" 671
"F:/1125/VirEarth-Yang-Hyunseung/Content/HandheldAR/Blueprints/SpawnActor/BuildingRightActor.uasset" 672
"F:/1125/VirEarth-Yang-Hyunseung/Content/HandheldAR/Blueprints/SpawnActor/BuildingRightActor.uexp" 673
"F:/1125/VirEarth-Yang-Hyunseung/Content/HandheldAR/Blueprints/Widget/BuildingLeftTestWidget.uasset" 674
"F:/1125/VirEarth-Yang-Hyunseung/Content/HandheldAR/Blueprints/Widget/BuildingLeftTestWidget.uexp" 675
"F:/1125/VirEarth-Yang-Hyunseung/Content/HandheldAR/Blueprints/SpawnActor/BuildingLeftActor.uasset" 676
"F:/1125/VirEarth-Yang-Hyunseung/Content/HandheldAR/Blueprints/SpawnActor/BuildingLeftActor.uexp" 677
"F:/1125/VirEarth-Yang-Hyunseung/Content/HandheldAR/Blueprints/RandomGenerationNumber.uasset" 678
"F:/1125/VirEarth-Yang-Hyunseung/Content/HandheldAR/Blueprints/RandomGenerationNumber.uexp" 679
"F:/1125/VirEarth-Yang-Hyunseung/Content/HandheldAR/Blueprints/Widget/BoardTestWidget.uasset" 680
"F:/1125/VirEarth-Yang-Hyunseung/Content/HandheldAR/Blueprints/Widget/BoardTestWidget.uexp" 681
"F:/1125/VirEarth-Yang-Hyunseung/Content/HandheldAR/Blueprints/SpawnActor/BoardActor.uasset" 682
"F:/1125/VirEarth-Yang-Hyunseung/Content/HandheldAR/Blueprints/SpawnActor/BoardActor.uexp" 683
"F:/1125/VirEarth-Yang-Hyunseung/Content/HandheldAR/Blueprints/Widget/BatteryBoxTestWidget.uasset" 684
"F:/1125/VirEarth-Yang-Hyunseung/Content/HandheldAR/Blueprints/Widget/BatteryBoxTestWidget.uexp" 685
"F:/1125/VirEarth-Yang-Hyunseung/Content/HandheldAR/Blueprints/SpawnActor/BatteryBoxActor.uasset" 686
"F:/1125/VirEarth-Yang-Hyunseung/Content/HandheldAR/Blueprints/SpawnActor/BatteryBoxActor.uexp" 687
"F:/1125/VirEarth-Yang-Hyunseung/Content/HandheldAR/Blueprints/Placeable/Materials/MF_DistanceFalloff.uasset" 688
"F:/1125/VirEarth-Yang-Hyunseung/Content/HandheldAR/Blueprints/Placeable/Materials/MF_DistanceFalloff.uexp" 689
"F:/1125/VirEarth-Yang-Hyunseung/Content/HandheldAR/Blueprints/Placeable/Materials/M_Plane_Plain.uasset" 690
"F:/1125/VirEarth-Yang-Hyunseung/Content/HandheldAR/Blueprints/Placeable/Materials/M_Plane_Plain.uexp" 691
"../../../Engine/Content/Functions/Engine_MaterialFunctions01/Gradient/LinearGradient.uasset" 692
"../../../Engine/Content/Functions/Engine_MaterialFunctions01/Gradient/LinearGradient.uexp" 693
"../../../Engine/Content/Functions/Engine_MaterialFunctions01/ImageAdjustment/CheapContrast.uasset" 694
"../../../Engine/Content/Functions/Engine_MaterialFunctions01/ImageAdjustment/CheapContrast.uexp" 695
"F:/1125/VirEarth-Yang-Hyunseung/Content/HandheldAR/Blueprints/Placeable/Materials/MF_CircularScan.uasset" 696
"F:/1125/VirEarth-Yang-Hyunseung/Content/HandheldAR/Blueprints/Placeable/Materials/MF_CircularScan.uexp" 697
"F:/1125/VirEarth-Yang-Hyunseung/Content/HandheldAR/Blueprints/Placeable/Materials/M_Plane_Fallback.uasset" 698
"F:/1125/VirEarth-Yang-Hyunseung/Content/HandheldAR/Blueprints/Placeable/Materials/M_Plane_Fallback.uexp" 699
"F:/1125/VirEarth-Yang-Hyunseung/Content/HandheldAR/Blueprints/Placeable/Materials/M_Plane_02.uasset" 700
"F:/1125/VirEarth-Yang-Hyunseung/Content/HandheldAR/Blueprints/Placeable/Materials/M_Plane_02.uexp" 701
"F:/1125/VirEarth-Yang-Hyunseung/Content/HandheldAR/Blueprints/Placeable/Materials/M_Plane_01.uasset" 702
"F:/1125/VirEarth-Yang-Hyunseung/Content/HandheldAR/Blueprints/Placeable/Materials/M_Plane_01.uexp" 703
"../../../Engine/Content/BasicShapes/Plane.uasset" 704
"../../../Engine/Content/BasicShapes/Plane.uexp" 705
"F:/1125/VirEarth-Yang-Hyunseung/Content/HandheldAR/Blueprints/Placeable/BP_Plane.uasset" 706
"F:/1125/VirEarth-Yang-Hyunseung/Content/HandheldAR/Blueprints/Placeable/BP_Plane.uexp" 707
"F:/1125/VirEarth-Yang-Hyunseung/Content/HandheldAR/Blueprints/GameFramework/ENUM_GestureType.uasset" 708
"F:/1125/VirEarth-Yang-Hyunseung/Content/HandheldAR/Blueprints/GameFramework/ENUM_GestureType.uexp" 709
"F:/1125/VirEarth-Yang-Hyunseung/Content/HandheldAR/Blueprints/UI/Icons/T_Icon_Rotate.uasset" 710
"F:/1125/VirEarth-Yang-Hyunseung/Content/HandheldAR/Blueprints/UI/Icons/T_Icon_Rotate.uexp" 711
"F:/1125/VirEarth-Yang-Hyunseung/Content/HandheldAR/Blueprints/UI/Icons/T_Icon_Move.uasset" 712
"F:/1125/VirEarth-Yang-Hyunseung/Content/HandheldAR/Blueprints/UI/Icons/T_Icon_Move.uexp" 713
"F:/1125/VirEarth-Yang-Hyunseung/Content/HandheldAR/Blueprints/Placeable/Textures/T_SquarePlate.uasset" 714
"F:/1125/VirEarth-Yang-Hyunseung/Content/HandheldAR/Blueprints/Placeable/Textures/T_SquarePlate.uexp" 715
"F:/1125/VirEarth-Yang-Hyunseung/Content/HandheldAR/Blueprints/Placeable/Textures/T_CirclePlate.uasset" 716
"F:/1125/VirEarth-Yang-Hyunseung/Content/HandheldAR/Blueprints/Placeable/Textures/T_CirclePlate.uexp" 717
"F:/1125/VirEarth-Yang-Hyunseung/Content/HandheldAR/Blueprints/Placeable/Materials/M_Placeable.uasset" 718
"F:/1125/VirEarth-Yang-Hyunseung/Content/HandheldAR/Blueprints/Placeable/Materials/M_Placeable.uexp" 719
"F:/1125/VirEarth-Yang-Hyunseung/Content/HandheldAR/Blueprints/Placeable/Mesh/SM_Plate.uasset" 720
"F:/1125/VirEarth-Yang-Hyunseung/Content/HandheldAR/Blueprints/Placeable/Mesh/SM_Plate.uexp" 721
"F:/1125/VirEarth-Yang-Hyunseung/Content/HandheldAR/Blueprints/Placeable/Mesh/SM_ArrowHead.uasset" 722
"F:/1125/VirEarth-Yang-Hyunseung/Content/HandheldAR/Blueprints/Placeable/Mesh/SM_ArrowHead.uexp" 723
"F:/1125/VirEarth-Yang-Hyunseung/Content/HandheldAR/Blueprints/Placeable/Mesh/SM_ArrowBody.uasset" 724
"F:/1125/VirEarth-Yang-Hyunseung/Content/HandheldAR/Blueprints/Placeable/Mesh/SM_ArrowBody.uexp" 725
"../../../Engine/Content/ArtTools/RenderToTexture/Textures/127grey.uasset" 726
"../../../Engine/Content/ArtTools/RenderToTexture/Textures/127grey.uexp" 727
"F:/1125/VirEarth-Yang-Hyunseung/Content/HandheldAR/Blueprints/Placeable/Textures/T_Shadow.uasset" 728
"F:/1125/VirEarth-Yang-Hyunseung/Content/HandheldAR/Blueprints/Placeable/Textures/T_Shadow.uexp" 729
"F:/1125/VirEarth-Yang-Hyunseung/Content/HandheldAR/Blueprints/Placeable/Materials/M_Shadow.uasset" 730
"F:/1125/VirEarth-Yang-Hyunseung/Content/HandheldAR/Blueprints/Placeable/Materials/M_Shadow.uexp" 731
"F:/1125/VirEarth-Yang-Hyunseung/Content/HandheldAR/Blueprints/Placeable/Materials/M_Arrow.uasset" 732
"F:/1125/VirEarth-Yang-Hyunseung/Content/HandheldAR/Blueprints/Placeable/Materials/M_Arrow.uexp" 733
"F:/1125/VirEarth-Yang-Hyunseung/Content/ProductAssets/Materials/M_Plastic.uasset" 734
"F:/1125/VirEarth-Yang-Hyunseung/Content/ProductAssets/Materials/M_Plastic.uexp" 735
"F:/1125/VirEarth-Yang-Hyunseung/Content/ProductAssets/Mesh/SM_Manequin.uasset" 736
"F:/1125/VirEarth-Yang-Hyunseung/Content/ProductAssets/Mesh/SM_Manequin.uexp" 737
"F:/1125/VirEarth-Yang-Hyunseung/Content/ProductAssets/BP_ProductAssetRef.uasset" 738
"F:/1125/VirEarth-Yang-Hyunseung/Content/ProductAssets/BP_ProductAssetRef.uexp" 739
"F:/1125/VirEarth-Yang-Hyunseung/Content/HandheldAR/Blueprints/UI/Icons/T_Icon_Scale.uasset" 740
"F:/1125/VirEarth-Yang-Hyunseung/Content/HandheldAR/Blueprints/UI/Icons/T_Icon_Scale.uexp" 741
"F:/1125/VirEarth-Yang-Hyunseung/Content/HandheldAR/Blueprints/Placeable/BP_InteractionHUD.uasset" 742
"F:/1125/VirEarth-Yang-Hyunseung/Content/HandheldAR/Blueprints/Placeable/BP_InteractionHUD.uexp" 743
"F:/1125/VirEarth-Yang-Hyunseung/Content/HandheldAR/Blueprints/Placeable/BP_Placeable.uasset" 744
"F:/1125/VirEarth-Yang-Hyunseung/Content/HandheldAR/Blueprints/Placeable/BP_Placeable.uexp" 745
"F:/1125/VirEarth-Yang-Hyunseung/Content/HandheldAR/Blueprints/KeypadUI/keypadbutton_UI.uasset" 746
"F:/1125/VirEarth-Yang-Hyunseung/Content/HandheldAR/Blueprints/KeypadUI/keypadbutton_UI.uexp" 747
"F:/1125/VirEarth-Yang-Hyunseung/Content/HandheldAR/Blueprints/KeypadUI/keypad.uasset" 748
"F:/1125/VirEarth-Yang-Hyunseung/Content/HandheldAR/Blueprints/KeypadUI/keypad.uexp" 749
"F:/1125/VirEarth-Yang-Hyunseung/Content/HandheldAR/Blueprints/KeypadUI/BP_Add_Keypad.uasset" 750
"F:/1125/VirEarth-Yang-Hyunseung/Content/HandheldAR/Blueprints/KeypadUI/BP_Add_Keypad.uexp" 751
"F:/1125/VirEarth-Yang-Hyunseung/Content/HandheldAR/Blueprints/KeypadUI/BP_Tracking_Keypad.uasset" 752
"F:/1125/VirEarth-Yang-Hyunseung/Content/HandheldAR/Blueprints/KeypadUI/BP_Tracking_Keypad.uexp" 753
"F:/1125/VirEarth-Yang-Hyunseung/Content/HandheldAR/Blueprints/GameFramework/BP_ARPawn.uasset" 754
"F:/1125/VirEarth-Yang-Hyunseung/Content/HandheldAR/Blueprints/GameFramework/BP_ARPawn.uexp" 755
"F:/1125/VirEarth-Yang-Hyunseung/Content/HandheldAR/Blueprints/GameFramework/BP_ARPlayerController.uasset" 756
"F:/1125/VirEarth-Yang-Hyunseung/Content/HandheldAR/Blueprints/GameFramework/BP_ARPlayerController.uexp" 757
"F:/1125/VirEarth-Yang-Hyunseung/Content/HandheldAR/Blueprints/GameFramework/BP_ARGameMode.uasset" 758
"F:/1125/VirEarth-Yang-Hyunseung/Content/HandheldAR/Blueprints/GameFramework/BP_ARGameMode.uexp" 759
"../../../Engine/Content/MapTemplates/Sky/DaylightAmbientCubemap.uasset" 760
"../../../Engine/Content/MapTemplates/Sky/DaylightAmbientCubemap.uexp" 761
"F:/1125/VirEarth-Yang-Hyunseung/Content/HandheldAR/Maps/HandheldARBlankMap.uexp" 762
"F:/1125/VirEarth-Yang-Hyunseung/Content/HandheldAR/Maps/HandheldARBlankMap.umap" 763
"../../../Engine/Content/Maps/Entry_BuiltData.uasset" 764
"../../../Engine/Content/Maps/Entry_BuiltData.uexp" 765
"../../../Engine/Content/Maps/Entry.uexp" 766
"../../../Engine/Content/Maps/Entry.umap" 767
